<?xml version="1.0" encoding="UTF-8"?>
<!-- Generated by org.testng.reporters.JUnitReportReporter -->
<testsuite hostname="DESKTOP-APJ0OVA" failures="0" tests="1" name="testcases.CreateST" time="40.028" errors="0" timestamp="2021-08-22T06:31:42 PDT" skipped="0">
  <testcase classname="testcases.CreateST" name="CreateNewST" time="40.028"/>
  <system-out/>
</testsuite> <!-- testcases.CreateST -->
