<?xml version="1.0" encoding="UTF-8"?>
<!-- Generated by org.testng.reporters.JUnitReportReporter -->
<testsuite hostname="DESKTOP-APJ0OVA" failures="0" tests="1" name="testcases.Assessment_TC1" time="29.072" errors="0" timestamp="2021-08-27T00:30:21 PDT" skipped="0">
  <testcase classname="testcases.Assessment_TC1" name="Assessment" time="29.072"/>
  <system-out/>
</testsuite> <!-- testcases.Assessment_TC1 -->
