<?xml version="1.0" encoding="UTF-8"?>
<!-- Generated by org.testng.reporters.JUnitReportReporter -->
<testsuite hostname="DESKTOP-APJ0OVA" failures="0" tests="1" name="testcases.CreateTask" time="43.687" errors="0" timestamp="2021-08-22T06:31:42 PDT" skipped="0">
  <testcase classname="testcases.CreateTask" name="runCreateTask" time="43.687"/>
  <system-out/>
</testsuite> <!-- testcases.CreateTask -->
